<?xml version="1.0" encoding="UTF-8"?>
<testsuites name="home search by each field" time="140" tests="4" failures="0" errors="0">
   <testsuite name="home search by each field" tests="4" failures="0" errors="0" time="140" timestamp="2018-12-08 13:03:14" hostname="M.Kamel - 10.1.210.151" id="Test Suites/home search by each field">
      <properties>
         <property name="deviceName" value=""/>
         <property name="devicePlatform" value=""/>
         <property name="logFolder" value="C:\\Users\\M.Kamel\\git\\regression2\\Reports\\home search by each field\\20181208_130304"/>
         <property name="logFiles" value="C:\\Users\\M.Kamel\\git\\regression2\\Reports\\home search by each field\\20181208_130304\\execution0.log"/>
         <property name="attachments" value=""/>
         <property name="hostName" value="M.Kamel - 10.1.210.151"/>
         <property name="os" value="Windows 10 64bit"/>
         <property name="katalonVersion" value="5.7.1.1"/>
         <property name="browser" value="Chrome 70.0.3538.110"/>
         <property name="hostAddress" value="10.1.210.151"/>
         <property name="sessionId" value="b6026bca572b094ae22d2a0007d99e8e"/>
         <property name="seleniumVersion" value="3.7.1"/>
         <property name="proxyInformation" value="ProxyInformation{proxyOption=NO_PROXY, proxyServerType=HTTP, password=, proxyServerAddress=, proxyServerPort=0}"/>
         <property name="platform" value="Windows 10"/>
      </properties>
      <testcase name="Test Cases/Final/home search by school name" classname="Test Cases/Final/home search by school name" status="PASSED">
         <system-out><![CDATA[2018-12-08 13:03:15 - [TEST_CASE][PASSED] - Test Cases/Final/home search by school name: Test Cases/Final/home search by school name

2018-12-08 13:03:15 - [TEST_STEP][PASSED] - openBrowser: Browser is opened with url: ''

2018-12-08 13:03:52 - [MESSAGE][PASSED] - Browser is opened with url: ''

2018-12-08 13:03:52 - [TEST_STEP][PASSED] - maximizeWindow: Current window maximized

2018-12-08 13:03:53 - [MESSAGE][PASSED] - Current window maximized

2018-12-08 13:03:53 - [TEST_STEP][PASSED] - navigateToUrl: Navigate to 'https://www.schooolz.com' successfully

2018-12-08 13:04:06 - [MESSAGE][PASSED] - Navigate to 'https://www.schooolz.com' successfully

2018-12-08 13:04:06 - [TEST_STEP][PASSED] - setText: Text 'مدرسة الرضوان الإبتدائية الاهلية بجدة' is set on object 'Object Repository/home search/search_by_name'

2018-12-08 13:04:08 - [MESSAGE][PASSED] - Text 'مدرسة الرضوان الإبتدائية الاهلية بجدة' is set on object 'Object Repository/home search/search_by_name'

2018-12-08 13:04:08 - [TEST_STEP][NOT_RUN] - selectOptionByIndex: NOT_RUN: selectOptionByIndex

2018-12-08 13:04:08 - [MESSAGE][NOT_RUN] - NOT_RUN: selectOptionByIndex

2018-12-08 13:04:08 - [TEST_STEP][NOT_RUN] - selectOptionByValue: NOT_RUN: selectOptionByValue

2018-12-08 13:04:08 - [MESSAGE][NOT_RUN] - NOT_RUN: selectOptionByValue

2018-12-08 13:04:08 - [TEST_STEP][NOT_RUN] - selectOptionByValue: NOT_RUN: selectOptionByValue

2018-12-08 13:04:08 - [MESSAGE][NOT_RUN] - NOT_RUN: selectOptionByValue

2018-12-08 13:04:08 - [TEST_STEP][PASSED] - click: Object: 'Object Repository/home search/search_btn' is clicked on

2018-12-08 13:04:10 - [MESSAGE][PASSED] - Object: 'Object Repository/home search/search_btn' is clicked on

2018-12-08 13:04:10 - [TEST_STEP][PASSED] - delay: Delayed 10 second(s)

2018-12-08 13:04:20 - [MESSAGE][PASSED] - Delayed 10 second(s)]]></system-out>
         <system-err><![CDATA[]]></system-err>
      </testcase>
      <testcase name="Test Cases/Final/home search by school category" classname="Test Cases/Final/home search by school category" status="PASSED">
         <system-out><![CDATA[2018-12-08 13:04:20 - [TEST_CASE][PASSED] - Test Cases/Final/home search by school category: Test Cases/Final/home search by school category

2018-12-08 13:04:20 - [TEST_STEP][NOT_RUN] - openBrowser: NOT_RUN: openBrowser

2018-12-08 13:04:20 - [MESSAGE][NOT_RUN] - NOT_RUN: openBrowser

2018-12-08 13:04:20 - [TEST_STEP][NOT_RUN] - maximizeWindow: NOT_RUN: maximizeWindow

2018-12-08 13:04:20 - [MESSAGE][NOT_RUN] - NOT_RUN: maximizeWindow

2018-12-08 13:04:20 - [TEST_STEP][PASSED] - navigateToUrl: Navigate to 'https://www.schooolz.com' successfully

2018-12-08 13:04:22 - [MESSAGE][PASSED] - Navigate to 'https://www.schooolz.com' successfully

2018-12-08 13:04:22 - [TEST_STEP][PASSED] - delay: Delayed 5 second(s)

2018-12-08 13:04:27 - [MESSAGE][PASSED] - Delayed 5 second(s)

2018-12-08 13:04:27 - [TEST_STEP][NOT_RUN] - setText: NOT_RUN: setText

2018-12-08 13:04:27 - [MESSAGE][NOT_RUN] - NOT_RUN: setText

2018-12-08 13:04:27 - [TEST_STEP][PASSED] - selectOptionByValue: All options with value '2' are selected in object 'Object Repository/home search/school_category' 

2018-12-08 13:04:28 - [MESSAGE][PASSED] - All options with value '2' are selected in object 'Object Repository/home search/school_category' 

2018-12-08 13:04:28 - [TEST_STEP][PASSED] - delay: Delayed 5 second(s)

2018-12-08 13:04:33 - [MESSAGE][PASSED] - Delayed 5 second(s)

2018-12-08 13:04:33 - [TEST_STEP][NOT_RUN] - selectOptionByValue: NOT_RUN: selectOptionByValue

2018-12-08 13:04:33 - [MESSAGE][NOT_RUN] - NOT_RUN: selectOptionByValue

2018-12-08 13:04:33 - [TEST_STEP][NOT_RUN] - selectOptionByValue: NOT_RUN: selectOptionByValue

2018-12-08 13:04:33 - [MESSAGE][NOT_RUN] - NOT_RUN: selectOptionByValue

2018-12-08 13:04:33 - [TEST_STEP][PASSED] - click: Object: 'Object Repository/home search/search_btn' is clicked on

2018-12-08 13:04:35 - [MESSAGE][PASSED] - Object: 'Object Repository/home search/search_btn' is clicked on

2018-12-08 13:04:35 - [TEST_STEP][PASSED] - delay: Delayed 10 second(s)

2018-12-08 13:04:45 - [MESSAGE][PASSED] - Delayed 10 second(s)]]></system-out>
         <system-err><![CDATA[]]></system-err>
      </testcase>
      <testcase name="Test Cases/Final/home search by country" classname="Test Cases/Final/home search by country" status="PASSED">
         <system-out><![CDATA[2018-12-08 13:04:45 - [TEST_CASE][PASSED] - Test Cases/Final/home search by country: Test Cases/Final/home search by country

2018-12-08 13:04:45 - [TEST_STEP][NOT_RUN] - openBrowser: NOT_RUN: openBrowser

2018-12-08 13:04:45 - [MESSAGE][NOT_RUN] - NOT_RUN: openBrowser

2018-12-08 13:04:45 - [TEST_STEP][NOT_RUN] - maximizeWindow: NOT_RUN: maximizeWindow

2018-12-08 13:04:45 - [MESSAGE][NOT_RUN] - NOT_RUN: maximizeWindow

2018-12-08 13:04:45 - [TEST_STEP][PASSED] - navigateToUrl: Navigate to 'https://www.schooolz.com' successfully

2018-12-08 13:04:46 - [MESSAGE][PASSED] - Navigate to 'https://www.schooolz.com' successfully

2018-12-08 13:04:46 - [TEST_STEP][NOT_RUN] - setText: NOT_RUN: setText

2018-12-08 13:04:46 - [MESSAGE][NOT_RUN] - NOT_RUN: setText

2018-12-08 13:04:46 - [TEST_STEP][NOT_RUN] - selectOptionByIndex: NOT_RUN: selectOptionByIndex

2018-12-08 13:04:46 - [MESSAGE][NOT_RUN] - NOT_RUN: selectOptionByIndex

2018-12-08 13:04:46 - [TEST_STEP][PASSED] - selectOptionByValue: All options with value '1' are selected in object 'Object Repository/add_event/country' 

2018-12-08 13:04:48 - [MESSAGE][PASSED] - All options with value '1' are selected in object 'Object Repository/add_event/country' 

2018-12-08 13:04:48 - [TEST_STEP][PASSED] - delay: Delayed 5 second(s)

2018-12-08 13:04:53 - [MESSAGE][PASSED] - Delayed 5 second(s)

2018-12-08 13:04:53 - [TEST_STEP][NOT_RUN] - selectOptionByValue: NOT_RUN: selectOptionByValue

2018-12-08 13:04:53 - [MESSAGE][NOT_RUN] - NOT_RUN: selectOptionByValue

2018-12-08 13:04:53 - [TEST_STEP][PASSED] - click: Object: 'Object Repository/home search/search_btn' is clicked on

2018-12-08 13:04:55 - [MESSAGE][PASSED] - Object: 'Object Repository/home search/search_btn' is clicked on

2018-12-08 13:04:55 - [TEST_STEP][PASSED] - delay: Delayed 10 second(s)

2018-12-08 13:05:05 - [MESSAGE][PASSED] - Delayed 10 second(s)]]></system-out>
         <system-err><![CDATA[]]></system-err>
      </testcase>
      <testcase name="Test Cases/Final/home search by city" classname="Test Cases/Final/home search by city" status="PASSED">
         <system-out><![CDATA[2018-12-08 13:05:05 - [TEST_CASE][PASSED] - Test Cases/Final/home search by city: Test Cases/Final/home search by city

2018-12-08 13:05:06 - [TEST_STEP][NOT_RUN] - openBrowser: NOT_RUN: openBrowser

2018-12-08 13:05:06 - [MESSAGE][NOT_RUN] - NOT_RUN: openBrowser

2018-12-08 13:05:06 - [TEST_STEP][NOT_RUN] - maximizeWindow: NOT_RUN: maximizeWindow

2018-12-08 13:05:06 - [MESSAGE][NOT_RUN] - NOT_RUN: maximizeWindow

2018-12-08 13:05:06 - [TEST_STEP][PASSED] - navigateToUrl: Navigate to 'https://www.schooolz.com' successfully

2018-12-08 13:05:07 - [MESSAGE][PASSED] - Navigate to 'https://www.schooolz.com' successfully

2018-12-08 13:05:07 - [TEST_STEP][NOT_RUN] - setText: NOT_RUN: setText

2018-12-08 13:05:07 - [MESSAGE][NOT_RUN] - NOT_RUN: setText

2018-12-08 13:05:07 - [TEST_STEP][NOT_RUN] - selectOptionByIndex: NOT_RUN: selectOptionByIndex

2018-12-08 13:05:07 - [MESSAGE][NOT_RUN] - NOT_RUN: selectOptionByIndex

2018-12-08 13:05:07 - [TEST_STEP][PASSED] - selectOptionByValue: All options with value '1' are selected in object 'Object Repository/add_event/country' 

2018-12-08 13:05:07 - [MESSAGE][PASSED] - All options with value '1' are selected in object 'Object Repository/add_event/country' 

2018-12-08 13:05:07 - [TEST_STEP][PASSED] - delay: Delayed 5 second(s)

2018-12-08 13:05:12 - [MESSAGE][PASSED] - Delayed 5 second(s)

2018-12-08 13:05:12 - [TEST_STEP][PASSED] - selectOptionByValue: All options with value '2' are selected in object 'Object Repository/add_event/city' 

2018-12-08 13:05:15 - [MESSAGE][PASSED] - All options with value '2' are selected in object 'Object Repository/add_event/city' 

2018-12-08 13:05:15 - [TEST_STEP][PASSED] - delay: Delayed 5 second(s)

2018-12-08 13:05:20 - [MESSAGE][PASSED] - Delayed 5 second(s)

2018-12-08 13:05:20 - [TEST_STEP][PASSED] - click: Object: 'Object Repository/home search/search_btn' is clicked on

2018-12-08 13:05:22 - [MESSAGE][PASSED] - Object: 'Object Repository/home search/search_btn' is clicked on

2018-12-08 13:05:22 - [TEST_STEP][PASSED] - delay: Delayed 10 second(s)

2018-12-08 13:05:32 - [MESSAGE][PASSED] - Delayed 10 second(s)

2018-12-08 13:05:32 - [TEST_STEP][NOT_RUN] - Statement - result = com.kms.katalon.core.webui.keyword.WebUiBuiltInKeywords.verifyElementPresent(com.kms.katalon.core.testobject.ObjectRepository.findTestObject(home search/search_result), false): NOT_RUN: Statement - result = com.kms.katalon.core.webui.keyword.WebUiBuiltInKeywords.verifyElementPresent(com.kms.katalon.core.testobject.ObjectRepository.findTestObject(home search/search_result), false)

2018-12-08 13:05:32 - [MESSAGE][NOT_RUN] - NOT_RUN: Statement - result = com.kms.katalon.core.webui.keyword.WebUiBuiltInKeywords.verifyElementPresent(com.kms.katalon.core.testobject.ObjectRepository.findTestObject(home search/search_result), false)]]></system-out>
         <system-err><![CDATA[]]></system-err>
      </testcase>
      <system-out><![CDATA[2018-12-08 13:03:14 - [TEST_SUITE][PASSED] - home search by each field: Test Cases/Final/home search by city]]></system-out>
      <system-err><![CDATA[]]></system-err>
   </testsuite>
</testsuites>
